<?xml version="1.0" encoding="UTF-8"?>
<testsuite name="org.azidp4j.sample.SampleTest_PublicClient" tests="1" skipped="0" failures="0" errors="0" timestamp="2022-09-24T14:41:09" hostname="junnoMacBook-Air.local" time="0.031">
  <properties/>
  <testcase name="test()" classname="org.azidp4j.sample.SampleTest_PublicClient" time="0.031"/>
  <system-out><![CDATA[TokenEndpointHandler
POST
/token
DynamicClientRegistrationHandler
POST
/client
AuthorizationEndpointHandler
GET
/authorize?response_type=code&client_id=dca5745b-2942-4404-aa3b-2f084532c926&redirect_uri=http://localhost:8080&scope=scope1%20openid&state=xyz&nonce=abc&code_challenge=E9Melhoa2OwvFrEMTJguCHaoeK1t8URWbuGJSstw-cM&code_challenge_method=S256
https://example.com?code=7324e7af-1209-466b-86ed-842908e64742&state=xyz
TokenEndpointHandler
POST
/token
JWKsEndpointHandler
GET
/jwks
{"token_type":"bearer","scope":"scope1 openid","access_token":"eyJraWQiOiIxMjMiLCJ0eXAiOiJhdCtKV1QiLCJhbGciOiJFUzI1NiJ9.eyJhdWQiOlsiaHR0cDovL3Njb3BlMS5leGFtcGxlLmNvbSJdLCJzdWIiOiJ1c2VyMSIsInNjb3BlIjoic2NvcGUxIG9wZW5pZCIsImlzcyI6Imlzc3VlciIsImV4cCI6MTY2NDAzNDA3MCwiaWF0IjoxNjY0MDMwNDcwLCJjbGllbnRfaWQiOiJkY2E1NzQ1Yi0yOTQyLTQ0MDQtYWEzYi0yZjA4NDUzMmM5MjYiLCJqdGkiOiIyM2Y0N2IwZS1iMjdjLTQ2ZDktYTA3Ni1hOTJjZWUyYzczNDkifQ.KrJKJ01-6WEuz4wi115VFAvlBefqVIdkymFDYcpXVymg62BVDuPvRYa5yZA84VLtM2uqEh_aQr_886VO0kw2zQ","id_token":"eyJraWQiOiIxMjMiLCJhbGciOiJFUzI1NiJ9.eyJhdF9oYXNoIjoiOS1sNi1pc2IzRFlEZHcyTF83Ny1LUSIsInN1YiI6InVzZXIxIiwiYXVkIjoiZGNhNTc0NWItMjk0Mi00NDA0LWFhM2ItMmYwODQ1MzJjOTI2IiwiYXpwIjoiZGNhNTc0NWItMjk0Mi00NDA0LWFhM2ItMmYwODQ1MzJjOTI2IiwiYXV0aF90aW1lIjoxNjY0MDMwNDcwLCJpc3MiOiJpc3N1ZXIiLCJleHAiOjE2NjQwMzQwNzAsImlhdCI6MTY2NDAzMDQ3MCwibm9uY2UiOiJhYmMiLCJqdGkiOiJhM2FmMWY1ZS0wY2Y0LTRkMDYtODU1OS1iMjFhMzFjOWVhYmEifQ.1nFnFO5Fpw2gyYK3ngwee1owt1DiNe58t-AN-nzlVt02pvwgw1_osttXpNTZpIfHbe8t_Rh-5coeiR7lvpTC1Q","refresh_token":"eyJraWQiOiIxMjMiLCJ0eXAiOiJydCtKV1QiLCJhbGciOiJFUzI1NiJ9.eyJhdWQiOlsiaHR0cDovL3Njb3BlMS5leGFtcGxlLmNvbSJdLCJzdWIiOiJ1c2VyMSIsInNjb3BlIjoic2NvcGUxIG9wZW5pZCIsImlzcyI6Imlzc3VlciIsImV4cCI6MTY2NDYzNTI3MCwiaWF0IjoxNjY0MDMwNDcwLCJjbGllbnRfaWQiOiJkY2E1NzQ1Yi0yOTQyLTQ0MDQtYWEzYi0yZjA4NDUzMmM5MjYiLCJqdGkiOiI5ODBhOWNiZC04YWFjLTRhYWUtODZiMy05ODA0NmMzMDg4NzcifQ.Q019lD46dshhCQPxNdZF94czg6Xu-xQdqPKowxPiBl0r-dlOhSnbxC7rwpEQtAlCmJQLrwsWMVc7bxAriU0zbA","expires_in":3600,"state":"xyz"}
TokenEndpointHandler
POST
/token
AuthorizationEndpointHandler
GET
/authorize?response_type=token&client_id=dca5745b-2942-4404-aa3b-2f084532c926&redirect_uri=http://localhost:8080&scope=scope1&state=xyz
JWKsEndpointHandler
GET
/jwks
TokenEndpointHandler
POST
/token
JWKsEndpointHandler
GET
/jwks
]]></system-out>
  <system-err><![CDATA[]]></system-err>
</testsuite>
