<?xml version="1.0" encoding="UTF-8"?>
<testsuite name="org.azidp4j.authorize.ResponseModeTest" tests="25" skipped="0" failures="0" errors="0" timestamp="2022-09-24T14:41:09" hostname="junnoMacBook-Air.local" time="0.028">
  <properties/>
  <testcase name="[1] null, code, token, fragment" classname="org.azidp4j.authorize.ResponseModeTest" time="0.009"/>
  <testcase name="[2] null, code, id_token, fragment" classname="org.azidp4j.authorize.ResponseModeTest" time="0.0"/>
  <testcase name="[3] null, id_token, token, fragment" classname="org.azidp4j.authorize.ResponseModeTest" time="0.0"/>
  <testcase name="[4] fragment, code, token, fragment" classname="org.azidp4j.authorize.ResponseModeTest" time="0.0"/>
  <testcase name="[5] fragment, code, id_token, fragment" classname="org.azidp4j.authorize.ResponseModeTest" time="0.001"/>
  <testcase name="[6] fragment, id_token, token, fragment" classname="org.azidp4j.authorize.ResponseModeTest" time="0.0"/>
  <testcase name="[7] query, code, token, null" classname="org.azidp4j.authorize.ResponseModeTest" time="0.0"/>
  <testcase name="[8] query, code, id_token, null" classname="org.azidp4j.authorize.ResponseModeTest" time="0.0"/>
  <testcase name="[9] query, id_token, token, null" classname="org.azidp4j.authorize.ResponseModeTest" time="0.0"/>
  <testcase name="[1] null, token, fragment" classname="org.azidp4j.authorize.ResponseModeTest" time="0.001"/>
  <testcase name="[2] null, id_token, fragment" classname="org.azidp4j.authorize.ResponseModeTest" time="0.0"/>
  <testcase name="[3] null, code, query" classname="org.azidp4j.authorize.ResponseModeTest" time="0.0"/>
  <testcase name="[4] null, none, query" classname="org.azidp4j.authorize.ResponseModeTest" time="0.0"/>
  <testcase name="[5] fragment, token, fragment" classname="org.azidp4j.authorize.ResponseModeTest" time="0.0"/>
  <testcase name="[6] fragment, id_token, fragment" classname="org.azidp4j.authorize.ResponseModeTest" time="0.0"/>
  <testcase name="[7] query, code, query" classname="org.azidp4j.authorize.ResponseModeTest" time="0.0"/>
  <testcase name="[8] query, none, query" classname="org.azidp4j.authorize.ResponseModeTest" time="0.0"/>
  <testcase name="[9] query, token, query" classname="org.azidp4j.authorize.ResponseModeTest" time="0.0"/>
  <testcase name="[10] query, id_token, null" classname="org.azidp4j.authorize.ResponseModeTest" time="0.0"/>
  <testcase name="[11] fragment, code, fragment" classname="org.azidp4j.authorize.ResponseModeTest" time="0.0"/>
  <testcase name="[12] fragment, none, fragment" classname="org.azidp4j.authorize.ResponseModeTest" time="0.0"/>
  <testcase name="[1] null, code, id_token, token, fragment" classname="org.azidp4j.authorize.ResponseModeTest" time="0.002"/>
  <testcase name="[2] fragment, code, id_token, token, fragment" classname="org.azidp4j.authorize.ResponseModeTest" time="0.001"/>
  <testcase name="[3] query, code, id_token, token, null" classname="org.azidp4j.authorize.ResponseModeTest" time="0.0"/>
  <testcase name="illegal()" classname="org.azidp4j.authorize.ResponseModeTest" time="0.0"/>
  <system-out><![CDATA[]]></system-out>
  <system-err><![CDATA[]]></system-err>
</testsuite>
