<?xml version="1.0" encoding="UTF-8"?>
<testsuite name="org.azidp4j.authorize.AuthorizationRequestTest" tests="1" skipped="0" failures="0" errors="0" timestamp="2022-09-25T13:39:50" hostname="junnoMacBook-Air.local" time="0.007">
  <properties/>
  <testcase name="removePrompt()" classname="org.azidp4j.authorize.AuthorizationRequestTest" time="0.007"/>
  <system-out><![CDATA[]]></system-out>
  <system-err><![CDATA[]]></system-err>
</testsuite>
