<?xml version="1.0" encoding="UTF-8"?>
<testsuite name="org.azidp4j.jwt.JWSIssuerTest" tests="1" skipped="0" failures="0" errors="0" timestamp="2022-09-24T14:41:09" hostname="junnoMacBook-Air.local" time="0.003">
  <properties/>
  <testcase name="issue()" classname="org.azidp4j.jwt.JWSIssuerTest" time="0.003"/>
  <system-out><![CDATA[]]></system-out>
  <system-err><![CDATA[]]></system-err>
</testsuite>
