<?xml version="1.0" encoding="UTF-8"?>
<testsuite name="org.azidp4j.sample.SampleTest_PublicClient" tests="1" skipped="0" failures="0" errors="0" timestamp="2022-09-24T18:01:49" hostname="junnoMacBook-Air.local" time="0.034">
  <properties/>
  <testcase name="test()" classname="org.azidp4j.sample.SampleTest_PublicClient" time="0.034"/>
  <system-out><![CDATA[TokenEndpointHandler
POST
/token
DynamicClientRegistrationHandler
POST
/client
AuthorizationEndpointHandler
GET
/authorize?response_type=code&client_id=743eff1c-5ae2-4ead-92f8-179d83b44612&redirect_uri=http://localhost:8080&scope=scope1%20openid&state=xyz&nonce=abc&code_challenge=E9Melhoa2OwvFrEMTJguCHaoeK1t8URWbuGJSstw-cM&code_challenge_method=S256
http://localhost:8080?code=d04c3459-acd4-4ecc-ac73-a485ec2b0dce&state=xyz
TokenEndpointHandler
POST
/token
JWKsEndpointHandler
GET
/jwks
{"token_type":"bearer","state":"xyz","expires_in":3600,"refresh_token":"eyJraWQiOiIxMjMiLCJ0eXAiOiJydCtKV1QiLCJhbGciOiJFUzI1NiJ9.eyJzdWIiOiJ1c2VyMSIsImF1ZCI6WyJodHRwOi8vc2NvcGUxLmV4YW1wbGUuY29tIl0sInNjb3BlIjoic2NvcGUxIG9wZW5pZCIsImlzcyI6Imlzc3VlciIsImV4cCI6MTY2NDY0NzMwOSwiaWF0IjoxNjY0MDQyNTA5LCJjbGllbnRfaWQiOiI3NDNlZmYxYy01YWUyLTRlYWQtOTJmOC0xNzlkODNiNDQ2MTIiLCJqdGkiOiJmN2UyOTg0Ny0zYjgyLTQ2NzktOGVjZC05YzZlMDk3NmQ5NzAifQ.SPgXM-RnQNwPGN-gFyvakO4e9tlSzzsoPPLG_XBUZEGdTrrSbKV3ItAn1yh_jHQmk7KU-w8X7ZRmKG5yfgV2Tg","id_token":"eyJraWQiOiIxMjMiLCJhbGciOiJFUzI1NiJ9.eyJhdF9oYXNoIjoicDdybndmSFhUbnVlbkV2c29QVHR2USIsInN1YiI6InVzZXIxIiwiYXVkIjoiNzQzZWZmMWMtNWFlMi00ZWFkLTkyZjgtMTc5ZDgzYjQ0NjEyIiwiYXpwIjoiNzQzZWZmMWMtNWFlMi00ZWFkLTkyZjgtMTc5ZDgzYjQ0NjEyIiwiYXV0aF90aW1lIjoxNjY0MDQyNTA5LCJpc3MiOiJpc3N1ZXIiLCJleHAiOjE2NjQwNDYxMDksImlhdCI6MTY2NDA0MjUwOSwibm9uY2UiOiJhYmMiLCJqdGkiOiI3Mjg3NWE0Ny1kYjU2LTRmZTYtOWU4Zi04NmJkMjhjZDI3YTAifQ.niMy6H_QCYRgGsX8r3KPIxh4OaRFsF_m1ph6o-CmXFVop9eoEnLaCP3DT8ARaYOEFv7uiXk-RtPsRWvuz2vpyQ","access_token":"eyJraWQiOiIxMjMiLCJ0eXAiOiJhdCtKV1QiLCJhbGciOiJFUzI1NiJ9.eyJzdWIiOiJ1c2VyMSIsImF1ZCI6WyJodHRwOi8vc2NvcGUxLmV4YW1wbGUuY29tIl0sInNjb3BlIjoic2NvcGUxIG9wZW5pZCIsImlzcyI6Imlzc3VlciIsImV4cCI6MTY2NDA0NjEwOSwiaWF0IjoxNjY0MDQyNTA5LCJjbGllbnRfaWQiOiI3NDNlZmYxYy01YWUyLTRlYWQtOTJmOC0xNzlkODNiNDQ2MTIiLCJqdGkiOiI3N2Q1ZjIwZC0zODM4LTQ1MGUtOWMxZS0xYTNkY2UxYmU0MzIifQ.hx5Fvo18XbRKTrzTkXI9qE_rk4O6G1m2I9YzLayiQgoEigPLG1aHb0F4yh5GMbvGVtCIV8swpk7ekpTb5zXJIw","scope":"scope1 openid"}
TokenEndpointHandler
POST
/token
AuthorizationEndpointHandler
GET
/authorize?response_type=token&client_id=743eff1c-5ae2-4ead-92f8-179d83b44612&redirect_uri=http://localhost:8080&scope=scope1&state=xyz
JWKsEndpointHandler
GET
/jwks
TokenEndpointHandler
POST
/token
JWKsEndpointHandler
GET
/jwks
]]></system-out>
  <system-err><![CDATA[]]></system-err>
</testsuite>
