<?xml version="1.0" encoding="UTF-8"?>
<testsuite name="org.azidp4j.oauth2.SimpleTest" tests="1" skipped="0" failures="0" errors="0" timestamp="2022-09-25T13:39:51" hostname="junnoMacBook-Air.local" time="0.01">
  <properties/>
  <testcase name="test()" classname="org.azidp4j.oauth2.SimpleTest" time="0.01"/>
  <system-out><![CDATA[]]></system-out>
  <system-err><![CDATA[]]></system-err>
</testsuite>
