<?xml version="1.0" encoding="UTF-8"?>
<testsuite name="org.azidp4j.authorize.ResponseTypeTest" tests="7" skipped="0" failures="0" errors="0" timestamp="2022-09-24T18:01:49" hostname="junnoMacBook-Air.local" time="0.004">
  <properties/>
  <testcase name="parseSingleIllegal()" classname="org.azidp4j.authorize.ResponseTypeTest" time="0.0"/>
  <testcase name="parseDouble()" classname="org.azidp4j.authorize.ResponseTypeTest" time="0.0"/>
  <testcase name="[1] code, code" classname="org.azidp4j.authorize.ResponseTypeTest" time="0.001"/>
  <testcase name="[2] token, token" classname="org.azidp4j.authorize.ResponseTypeTest" time="0.0"/>
  <testcase name="[3] id_token, id_token" classname="org.azidp4j.authorize.ResponseTypeTest" time="0.0"/>
  <testcase name="[4] none, none" classname="org.azidp4j.authorize.ResponseTypeTest" time="0.001"/>
  <testcase name="parseDoubleIllegal()" classname="org.azidp4j.authorize.ResponseTypeTest" time="0.0"/>
  <system-out><![CDATA[]]></system-out>
  <system-err><![CDATA[]]></system-err>
</testsuite>
