<?xml version="1.0" encoding="UTF-8"?>
<testsuite name="org.azidp4j.authorize.AuthorizeTest_AuthorizationCode" tests="4" skipped="0" failures="0" errors="0" timestamp="2022-09-24T14:41:09" hostname="junnoMacBook-Air.local" time="0.008">
  <properties/>
  <testcase name="authorizationCodeGrant_fragment()" classname="org.azidp4j.authorize.AuthorizeTest_AuthorizationCode" time="0.005"/>
  <testcase name="authorizationCodeGrant_withMaxAge()" classname="org.azidp4j.authorize.AuthorizeTest_AuthorizationCode" time="0.001"/>
  <testcase name="authorizationCodeGrant_withState()" classname="org.azidp4j.authorize.AuthorizeTest_AuthorizationCode" time="0.001"/>
  <testcase name="authorizationCodeGrant_withoutState()" classname="org.azidp4j.authorize.AuthorizeTest_AuthorizationCode" time="0.001"/>
  <system-out><![CDATA[]]></system-out>
  <system-err><![CDATA[]]></system-err>
</testsuite>
