<?xml version="1.0" encoding="UTF-8"?>
<testsuite name="org.azidp4j.authorize.AuthorizeTest_Hybrid" tests="4" skipped="0" failures="0" errors="0" timestamp="2022-09-25T13:39:51" hostname="junnoMacBook-Air.local" time="0.046">
  <properties/>
  <testcase name="codeAndIdToken()" classname="org.azidp4j.authorize.AuthorizeTest_Hybrid" time="0.026"/>
  <testcase name="idTokenAndToken()" classname="org.azidp4j.authorize.AuthorizeTest_Hybrid" time="0.007"/>
  <testcase name="codeAndToken()" classname="org.azidp4j.authorize.AuthorizeTest_Hybrid" time="0.004"/>
  <testcase name="codeAndIdTokenAndToken()" classname="org.azidp4j.authorize.AuthorizeTest_Hybrid" time="0.005"/>
  <system-out><![CDATA[]]></system-out>
  <system-err><![CDATA[]]></system-err>
</testsuite>
