<?xml version="1.0" encoding="UTF-8"?>
<testsuite name="org.azidp4j.authorize.AuthorizeTest_None" tests="1" skipped="0" failures="0" errors="0" timestamp="2022-09-25T13:39:51" hostname="junnoMacBook-Air.local" time="0.001">
  <properties/>
  <testcase name="none()" classname="org.azidp4j.authorize.AuthorizeTest_None" time="0.001"/>
  <system-out><![CDATA[]]></system-out>
  <system-err><![CDATA[]]></system-err>
</testsuite>
