<?xml version="1.0" encoding="UTF-8"?>
<testsuite name="org.azidp4j.token.IssueTokenTest_AuthorizationCodeGrant_ConfidentialClient" tests="8" skipped="0" failures="0" errors="0" timestamp="2022-09-24T14:41:10" hostname="junnoMacBook-Air.local" time="0.018">
  <properties/>
  <testcase name="clientHasNotEnoughScope()" classname="org.azidp4j.token.IssueTokenTest_AuthorizationCodeGrant_ConfidentialClient" time="0.001"/>
  <testcase name="notAuthenticatedClient()" classname="org.azidp4j.token.IssueTokenTest_AuthorizationCodeGrant_ConfidentialClient" time="0.001"/>
  <testcase name="usingSameAuthorizationCode()" classname="org.azidp4j.token.IssueTokenTest_AuthorizationCodeGrant_ConfidentialClient" time="0.002"/>
  <testcase name="success_oidcWithoutNonce()" classname="org.azidp4j.token.IssueTokenTest_AuthorizationCodeGrant_ConfidentialClient" time="0.005"/>
  <testcase name="usingAuthorizationCodeForOtherClient()" classname="org.azidp4j.token.IssueTokenTest_AuthorizationCodeGrant_ConfidentialClient" time="0.001"/>
  <testcase name="success_oauth2()" classname="org.azidp4j.token.IssueTokenTest_AuthorizationCodeGrant_ConfidentialClient" time="0.003"/>
  <testcase name="unmatchedRedirectUri()" classname="org.azidp4j.token.IssueTokenTest_AuthorizationCodeGrant_ConfidentialClient" time="0.0"/>
  <testcase name="success_oidcWithNonce()" classname="org.azidp4j.token.IssueTokenTest_AuthorizationCodeGrant_ConfidentialClient" time="0.004"/>
  <system-out><![CDATA[]]></system-out>
  <system-err><![CDATA[]]></system-err>
</testsuite>
