<?xml version="1.0" encoding="UTF-8"?>
<testsuite name="org.azidp4j.sample.SampleTest_PublicClient" tests="1" skipped="0" failures="0" errors="0" timestamp="2022-09-25T13:39:51" hostname="junnoMacBook-Air.local" time="0.032">
  <properties/>
  <testcase name="test()" classname="org.azidp4j.sample.SampleTest_PublicClient" time="0.032"/>
  <system-out><![CDATA[TokenEndpointHandler
POST
/token
DynamicClientRegistrationHandler
POST
/client
AuthorizationEndpointHandler
GET
/authorize?response_type=code&client_id=39292eb7-dba1-46a3-8c5d-da333b871816&redirect_uri=http://localhost:8080&scope=scope1%20openid&state=xyz&nonce=abc&code_challenge=E9Melhoa2OwvFrEMTJguCHaoeK1t8URWbuGJSstw-cM&code_challenge_method=S256
http://localhost:8080?code=b6da4e8d-c903-4534-893c-a9180c5b1a25&state=xyz
TokenEndpointHandler
POST
/token
JWKsEndpointHandler
GET
/jwks
{"access_token":"eyJraWQiOiIxMjMiLCJ0eXAiOiJhdCtKV1QiLCJhbGciOiJFUzI1NiJ9.eyJzdWIiOiJ1c2VyMSIsImF1ZCI6WyJodHRwOi8vc2NvcGUxLmV4YW1wbGUuY29tIl0sInNjb3BlIjoic2NvcGUxIG9wZW5pZCIsImlzcyI6Imlzc3VlciIsImV4cCI6MTY2NDExNjc5MSwiaWF0IjoxNjY0MTEzMTkxLCJqdGkiOiJhZmQwOGFhYS0xZDlhLTQ5YTQtOThmMy1lZDUzMjg3YWM3M2YiLCJjbGllbnRfaWQiOiIzOTI5MmViNy1kYmExLTQ2YTMtOGM1ZC1kYTMzM2I4NzE4MTYifQ.3XGULXlQxTyoRmzdj0fiaAtbiJ_k1QEiL-NtiQwMPVrxZzuX2uDjyxsS9Ls4LG2AIdc_N9DMqSJPSCLYg2LZ_w","refresh_token":"eyJraWQiOiIxMjMiLCJ0eXAiOiJydCtKV1QiLCJhbGciOiJFUzI1NiJ9.eyJzdWIiOiJ1c2VyMSIsImF1ZCI6WyJodHRwOi8vc2NvcGUxLmV4YW1wbGUuY29tIl0sInNjb3BlIjoic2NvcGUxIG9wZW5pZCIsImlzcyI6Imlzc3VlciIsImV4cCI6MTY2NDcxNzk5MSwiaWF0IjoxNjY0MTEzMTkxLCJqdGkiOiI3ZWU4NGViYy05ZjM5LTQ0OTUtYjhkMS02Njc3MTg3ZjQ5ZmQiLCJjbGllbnRfaWQiOiIzOTI5MmViNy1kYmExLTQ2YTMtOGM1ZC1kYTMzM2I4NzE4MTYifQ.LPRINY9YxVKORIN-sA7qytM-gNGISpG2dtVKWODG7zSRBdgIFQVbkdZ7e7NfV9LCCzxqpC4KJ6nnco_vTXnkjw","scope":"scope1 openid","id_token":"eyJraWQiOiIxMjMiLCJhbGciOiJFUzI1NiJ9.eyJhdF9oYXNoIjoiWi0ydVNNSlB3MDFEUXpLWFBMYXoydyIsInN1YiI6InVzZXIxIiwiYXVkIjoiMzkyOTJlYjctZGJhMS00NmEzLThjNWQtZGEzMzNiODcxODE2IiwiYXpwIjoiMzkyOTJlYjctZGJhMS00NmEzLThjNWQtZGEzMzNiODcxODE2IiwiYXV0aF90aW1lIjoxNjY0MTEzMTkxLCJpc3MiOiJpc3N1ZXIiLCJleHAiOjE2NjQxMTY3OTEsImlhdCI6MTY2NDExMzE5MSwibm9uY2UiOiJhYmMiLCJqdGkiOiJkZTkzYzAwOS03YTQ2LTQ3YzktYmYyNy1lN2NmMWNmMzk3NWEifQ._1Bp1KzoXtwM025cXz6GNGjlHAY_pXhQzGFypvWuwdwAY2HAhfQpL4Kbi7-uMWBKzu6lYVpoaZTxCvS-gL3Q_w","state":"xyz","token_type":"bearer","expires_in":3600}
TokenEndpointHandler
POST
/token
AuthorizationEndpointHandler
GET
/authorize?response_type=token&client_id=39292eb7-dba1-46a3-8c5d-da333b871816&redirect_uri=http://localhost:8080&scope=scope1&state=xyz
JWKsEndpointHandler
GET
/jwks
TokenEndpointHandler
POST
/token
JWKsEndpointHandler
GET
/jwks
]]></system-out>
  <system-err><![CDATA[]]></system-err>
</testsuite>
