<?xml version="1.0" encoding="UTF-8"?>
<testsuite name="org.azidp4j.sample.SampleTest_ConfidentialClient" tests="1" skipped="0" failures="0" errors="0" timestamp="2022-09-25T13:39:51" hostname="junnoMacBook-Air.local" time="0.246">
  <properties/>
  <testcase name="test()" classname="org.azidp4j.sample.SampleTest_ConfidentialClient" time="0.246"/>
  <system-out><![CDATA[TokenEndpointHandler
POST
/token
DynamicClientRegistrationHandler
POST
/client
AuthorizationEndpointHandler
GET
/authorize?response_type=code&client_id=d9067f63-1b66-4f2a-a11f-e5e436cf74d2&redirect_uri=http://localhost:8080&scope=scope1%20openid&state=xyz&nonce=abc
http://localhost:8080?code=1393d8fe-ba5b-4463-acf5-d815ee0943ab&state=xyz
TokenEndpointHandler
POST
/token
JWKsEndpointHandler
GET
/jwks
{"access_token":"eyJraWQiOiIxMjMiLCJ0eXAiOiJhdCtKV1QiLCJhbGciOiJFUzI1NiJ9.eyJzdWIiOiJ1c2VyMSIsImF1ZCI6WyJodHRwOi8vc2NvcGUxLmV4YW1wbGUuY29tIl0sInNjb3BlIjoic2NvcGUxIG9wZW5pZCIsImlzcyI6Imlzc3VlciIsImV4cCI6MTY2NDExNjc5MSwiaWF0IjoxNjY0MTEzMTkxLCJqdGkiOiIxZjAxODg0Ni1lOGJiLTRiODgtOGVjZC04ZmVmM2JhODFhY2UiLCJjbGllbnRfaWQiOiJkOTA2N2Y2My0xYjY2LTRmMmEtYTExZi1lNWU0MzZjZjc0ZDIifQ.V8bK5Q-Sb74RuTeCAymj1MxkEZjKhdEK6JH3SadN0ik8OqiF7hUFnjIZ7AOD74enSVDQCagaaaR1ThoQhopirA","refresh_token":"eyJraWQiOiIxMjMiLCJ0eXAiOiJydCtKV1QiLCJhbGciOiJFUzI1NiJ9.eyJzdWIiOiJ1c2VyMSIsImF1ZCI6WyJodHRwOi8vc2NvcGUxLmV4YW1wbGUuY29tIl0sInNjb3BlIjoic2NvcGUxIG9wZW5pZCIsImlzcyI6Imlzc3VlciIsImV4cCI6MTY2NDcxNzk5MSwiaWF0IjoxNjY0MTEzMTkxLCJqdGkiOiIxMWNjMTk2Yi1hZTI5LTQ4YjUtODRjNS0yYWYzODVmNjg2NjUiLCJjbGllbnRfaWQiOiJkOTA2N2Y2My0xYjY2LTRmMmEtYTExZi1lNWU0MzZjZjc0ZDIifQ.vMwGVG4-VVrbooJNS4tVrHqin3kAATbO4Ow2M6M8DgpPym_PJpxg4ltyBp7EE7zVhNOWhRjkOcV9Wco5BgsaGQ","scope":"scope1 openid","id_token":"eyJraWQiOiIxMjMiLCJhbGciOiJFUzI1NiJ9.eyJhdF9oYXNoIjoidXM0c1RVYjRaaXpuMFhEc1lfaHczZyIsInN1YiI6InVzZXIxIiwiYXVkIjoiZDkwNjdmNjMtMWI2Ni00ZjJhLWExMWYtZTVlNDM2Y2Y3NGQyIiwiYXpwIjoiZDkwNjdmNjMtMWI2Ni00ZjJhLWExMWYtZTVlNDM2Y2Y3NGQyIiwiYXV0aF90aW1lIjoxNjY0MTEzMTkxLCJpc3MiOiJpc3N1ZXIiLCJleHAiOjE2NjQxMTY3OTEsImlhdCI6MTY2NDExMzE5MSwibm9uY2UiOiJhYmMiLCJqdGkiOiJmOTFjNWUyYS04YzM3LTRlYzAtYjJmNi1kY2M5NDY5NTNlZWYifQ.11qJ0TNuu4IkRqb_Og5KGx0hjK1gN7ZdgJIYetB3GczMe6bjneSz7M59kTDl0ikH8l5sHA6y_CWjsVcw9g4aSg","state":"xyz","token_type":"bearer","expires_in":3600}
TokenEndpointHandler
POST
/token
AuthorizationEndpointHandler
GET
/authorize?response_type=token&client_id=d9067f63-1b66-4f2a-a11f-e5e436cf74d2&redirect_uri=http://localhost:8080&scope=scope1&state=xyz
JWKsEndpointHandler
GET
/jwks
TokenEndpointHandler
POST
/token
JWKsEndpointHandler
GET
/jwks
]]></system-out>
  <system-err><![CDATA[]]></system-err>
</testsuite>
