<?xml version="1.0" encoding="UTF-8"?>
<testsuite name="org.azidp4j.authorize.AuthorizeTest_Implicit" tests="3" skipped="0" failures="0" errors="0" timestamp="2022-09-25T13:39:51" hostname="junnoMacBook-Air.local" time="0.014">
  <properties/>
  <testcase name="implicitGrant_withoutState()" classname="org.azidp4j.authorize.AuthorizeTest_Implicit" time="0.004"/>
  <testcase name="implicitGrant_withState()" classname="org.azidp4j.authorize.AuthorizeTest_Implicit" time="0.004"/>
  <testcase name="implicitGrant_oidc_withState()" classname="org.azidp4j.authorize.AuthorizeTest_Implicit" time="0.006"/>
  <system-out><![CDATA[]]></system-out>
  <system-err><![CDATA[]]></system-err>
</testsuite>
