<?xml version="1.0" encoding="UTF-8"?>
<testsuite name="org.azidp4j.sample.SampleTest_ConfidentialClient" tests="1" skipped="0" failures="0" errors="0" timestamp="2022-09-24T18:01:48" hostname="junnoMacBook-Air.local" time="0.304">
  <properties/>
  <testcase name="test()" classname="org.azidp4j.sample.SampleTest_ConfidentialClient" time="0.304"/>
  <system-out><![CDATA[TokenEndpointHandler
POST
/token
DynamicClientRegistrationHandler
POST
/client
AuthorizationEndpointHandler
GET
/authorize?response_type=code&client_id=b4cf9656-8bdf-4d39-b642-a34ef28ac98b&redirect_uri=http://localhost:8080&scope=scope1%20openid&state=xyz&nonce=abc
http://localhost:8080?code=0e06655b-2e7d-4f58-98e8-7d6b0507cf2f&state=xyz
TokenEndpointHandler
POST
/token
JWKsEndpointHandler
GET
/jwks
{"token_type":"bearer","state":"xyz","expires_in":3600,"refresh_token":"eyJraWQiOiIxMjMiLCJ0eXAiOiJydCtKV1QiLCJhbGciOiJFUzI1NiJ9.eyJzdWIiOiJ1c2VyMSIsImF1ZCI6WyJodHRwOi8vc2NvcGUxLmV4YW1wbGUuY29tIl0sInNjb3BlIjoic2NvcGUxIG9wZW5pZCIsImlzcyI6Imlzc3VlciIsImV4cCI6MTY2NDY0NzMwOCwiaWF0IjoxNjY0MDQyNTA4LCJjbGllbnRfaWQiOiJiNGNmOTY1Ni04YmRmLTRkMzktYjY0Mi1hMzRlZjI4YWM5OGIiLCJqdGkiOiIzMTZlMTYxNS0wZDBjLTRjNzgtYTViNS03YmI2OWRlN2RlNDUifQ.CHSvlqHtv1Sz-7xgmyOrQE0C8A1Ber3AMFIpiEfW1WGqTTDQ64kDZAynsUZbf6ePNDc99xfM5p6YyN_DELBzvA","id_token":"eyJraWQiOiIxMjMiLCJhbGciOiJFUzI1NiJ9.eyJhdF9oYXNoIjoick5zenhlMHhCdUtFUHU0MGEzMklvdyIsInN1YiI6InVzZXIxIiwiYXVkIjoiYjRjZjk2NTYtOGJkZi00ZDM5LWI2NDItYTM0ZWYyOGFjOThiIiwiYXpwIjoiYjRjZjk2NTYtOGJkZi00ZDM5LWI2NDItYTM0ZWYyOGFjOThiIiwiYXV0aF90aW1lIjoxNjY0MDQyNTA4LCJpc3MiOiJpc3N1ZXIiLCJleHAiOjE2NjQwNDYxMDgsImlhdCI6MTY2NDA0MjUwOCwibm9uY2UiOiJhYmMiLCJqdGkiOiI4NmUxYTU5ZC0xZGI3LTQzNTAtYmRjNi1lZmE4NDVlMjJiOTEifQ.R3TANw7p1xq0zU8qwviWpTaVHl0si_WaeL-g8Mpk3INOMU8dHvk7s3Qw-FxG3f8rhJk84MnnQn4kiFcXcotc1g","access_token":"eyJraWQiOiIxMjMiLCJ0eXAiOiJhdCtKV1QiLCJhbGciOiJFUzI1NiJ9.eyJzdWIiOiJ1c2VyMSIsImF1ZCI6WyJodHRwOi8vc2NvcGUxLmV4YW1wbGUuY29tIl0sInNjb3BlIjoic2NvcGUxIG9wZW5pZCIsImlzcyI6Imlzc3VlciIsImV4cCI6MTY2NDA0NjEwOCwiaWF0IjoxNjY0MDQyNTA4LCJjbGllbnRfaWQiOiJiNGNmOTY1Ni04YmRmLTRkMzktYjY0Mi1hMzRlZjI4YWM5OGIiLCJqdGkiOiJmYzMyZTlkOC00ZjFjLTQwZjQtYTljMy1jZjVlZjlmYWFiZGYifQ.m__Nzwcb1zcG22zUVauiLTROKjuUw_sSXJRRfoyosMVSxgWQeWETkpVZMlrVGP7MdJzNQtwzbNd2hS8_Qctq_A","scope":"scope1 openid"}
TokenEndpointHandler
POST
/token
AuthorizationEndpointHandler
GET
/authorize?response_type=token&client_id=b4cf9656-8bdf-4d39-b642-a34ef28ac98b&redirect_uri=http://localhost:8080&scope=scope1&state=xyz
JWKsEndpointHandler
GET
/jwks
TokenEndpointHandler
POST
/token
JWKsEndpointHandler
GET
/jwks
]]></system-out>
  <system-err><![CDATA[]]></system-err>
</testsuite>
