<?xml version="1.0" encoding="UTF-8"?>
<testsuite name="org.azidp4j.token.IssueTokenTest_AuthorizationCodeGrant_PublicClient" tests="4" skipped="0" failures="0" errors="0" timestamp="2022-09-24T18:01:49" hostname="junnoMacBook-Air.local" time="0.009">
  <properties/>
  <testcase name="success_pkce_plain()" classname="org.azidp4j.token.IssueTokenTest_AuthorizationCodeGrant_PublicClient" time="0.003"/>
  <testcase name="success_pkce_s256()" classname="org.azidp4j.token.IssueTokenTest_AuthorizationCodeGrant_PublicClient" time="0.003"/>
  <testcase name="success_oauth2()" classname="org.azidp4j.token.IssueTokenTest_AuthorizationCodeGrant_PublicClient" time="0.003"/>
  <testcase name="error_pkce_plain()" classname="org.azidp4j.token.IssueTokenTest_AuthorizationCodeGrant_PublicClient" time="0.0"/>
  <system-out><![CDATA[]]></system-out>
  <system-err><![CDATA[]]></system-err>
</testsuite>
