<?xml version="1.0" encoding="UTF-8"?>
<testsuite name="org.azidp4j.authorize.AuthorizeTest" tests="1" skipped="0" failures="0" errors="0" timestamp="2022-09-24T14:41:09" hostname="junnoMacBook-Air.local" time="0.002">
  <properties/>
  <testcase name="additionalPage()" classname="org.azidp4j.authorize.AuthorizeTest" time="0.002"/>
  <system-out><![CDATA[]]></system-out>
  <system-err><![CDATA[]]></system-err>
</testsuite>
