<?xml version="1.0" encoding="UTF-8"?>
<testsuite name="org.azidp4j.token.IssueTokenTest_ResourceOwnerPasswordCredentialsGrant" tests="4" skipped="0" failures="0" errors="0" timestamp="2022-09-24T14:41:10" hostname="junnoMacBook-Air.local" time="0.008">
  <properties/>
  <testcase name="clientHasNotEnoughScope()" classname="org.azidp4j.token.IssueTokenTest_ResourceOwnerPasswordCredentialsGrant" time="0.001"/>
  <testcase name="success()" classname="org.azidp4j.token.IssueTokenTest_ResourceOwnerPasswordCredentialsGrant" time="0.003"/>
  <testcase name="success_publicClient()" classname="org.azidp4j.token.IssueTokenTest_ResourceOwnerPasswordCredentialsGrant" time="0.002"/>
  <testcase name="userAuthenticationFailed()" classname="org.azidp4j.token.IssueTokenTest_ResourceOwnerPasswordCredentialsGrant" time="0.0"/>
  <system-out><![CDATA[]]></system-out>
  <system-err><![CDATA[]]></system-err>
</testsuite>
